<?xml version="1.0" encoding="UTF-8"?>
<!-- Generated by org.testng.reporters.JUnitReportReporter -->
<testsuite skipped="0" hostname="IN5CG5010BFJ" name="com.teja.app.RestApITest" tests="2" failures="0" timestamp="2019-12-10T12:22:40 IST" time="0.002" errors="0">
  <testcase name="deleteTwitter" time="0.000" classname="com.teja.app.RestApITest"/>
  <testcase name="postJira" time="0.002" classname="com.teja.app.RestApITest"/>
</testsuite> <!-- com.teja.app.RestApITest -->
