<?xml version="1.0" encoding="UTF-8"?>
<!-- Generated by org.testng.reporters.JUnitReportReporter -->
<testsuite skipped="0" hostname="IN5CG5010BFJ" name="com.teja.app.AppiumTest" tests="2" failures="0" timestamp="2019-12-10T12:22:40 IST" time="0.001" errors="0">
  <testcase name="NativeappAndroid" time="0.000" classname="com.teja.app.AppiumTest"/>
  <testcase name="IOSApps" time="0.001" classname="com.teja.app.AppiumTest"/>
</testsuite> <!-- com.teja.app.AppiumTest -->
