<?xml version="1.0" encoding="UTF-8"?>
<!-- Generated by org.testng.reporters.JUnitReportReporter -->
<testsuite skipped="0" hostname="IN5CG5010BFJ" name="com.teja.app.SeleniumTest" tests="2" failures="0" timestamp="2019-12-10T12:22:40 IST" time="0.019" errors="0">
  <testcase name="elementUI" time="0.001" classname="com.teja.app.SeleniumTest"/>
  <testcase name="BrowerAutomation" time="0.018" classname="com.teja.app.SeleniumTest"/>
</testsuite> <!-- com.teja.app.SeleniumTest -->
